app/build/outputs/mapping/release/seeds.txt
com.jaudifinance.MainActivity
com.jaudifinance.MainApplication
com.jaudifinance.MainApplication: MainApplication()
com.jaudifinance.MainActivity: MainActivity()
...
com.facebook.hermes.intl.LocaleIdTokenizer$LocaleIdSubtag: int mSubtagEnd
com.facebook.react.views.view.ViewGroupClickEvent: java.lang.String EVENT_NAME
androidx.biometric.R$attr: int colorControlHighlight
com.facebook.react.uimanager.PointerEvents: kotlin.enums.EnumEntries $ENTRIES
com.facebook.react.views.textinput.ReactEditText: com.facebook.react.uimanager.events.EventDispatcher eventDispatcher
com.facebook.react.fabric.mounting.mountitems.PreAllocateViewMountItem: com.facebook.react.uimanager.StateWrapper stateWrapper
com.facebook.react.views.modal.ReactModalHostView$DialogRootViewGroup: com.facebook.react.uimanager.JSTouchDispatcher jSTouchDispatcher
com.facebook.react.fabric.DevToolsReactPerfLogger: com.facebook.react.fabric.DevToolsReactPerfLogger$Companion Companion
com.facebook.react.uimanager.UIViewOperationQueue$UpdateLayoutOperation: com.facebook.react.uimanager.UIViewOperationQueue this$0
com.swmansion.reanimated.NodesManager: java.util.Set nativeProps
com.swmansion.reanimated.sensor.ReanimatedSensor: int DEFAULT_INTERVAL
androidx.biometric.BiometricErrorData: java.lang.CharSequence mErrorMessage
com.facebook.react.views.textinput.ReactTextSelectionWatcher: int previousSelectionEnd
com.facebook.react.common.DebugServerException: java.lang.String GENERIC_ERROR_MESSAGE
com.facebook.react.ReactPackageTurboModuleManagerDelegate: java.util.List mModuleProviders
com.facebook.react.views.text.TextAttributeProps: short TA_KEY_TEXT_TRANSFORM
com.facebook.react.bridge.ReactMarkerConstants: com.facebook.react.bridge.ReactMarkerConstants INIT_REACT_RUNTIME_END
com.facebook.react.views.scroll.ReactScrollView: boolean mRemoveClippedSubviews
com.facebook.react.modules.network.NetworkingModule: com.facebook.react.modules.network.CookieJarContainer cookieJarContainer
kotlinx.coroutines.internal.ThreadSafeHeap: int _size
com.facebook.react.views.text.TextAttributeProps: short TA_KEY_LINE_BREAK_STRATEGY
androidx.fragment.app.FragmentActivity: boolean mResumed
com.facebook.react.uimanager.layoutanimation.LayoutAnimationController$deleteView$1: com.facebook.react.uimanager.layoutanimation.LayoutAnimationListener $listener
com.google.crypto.tink.proto.EncryptedKeyset: com.google.crypto.tink.shaded.protobuf.Parser PARSER
com.facebook.react.modules.share.ShareModule: java.lang.String ACTION_SHARED
com.facebook.react.animated.NativeAnimatedNodesManager: com.facebook.react.bridge.ReactApplicationContext reactApplicationContext
kotlinx.coroutines.JobSupport: java.lang.Object _state
androidx.biometric.R$styleable: int FontFamilyFont_android_fontStyle
com.google.crypto.tink.proto.KmsAeadKey: int version_
com.reactnativecommunity.cameraroll.CameraRollModule: java.lang.String INCLUDE_PLAYABLE_DURATION
com.facebook.react.uimanager.ViewProps: java.lang.String BORDER_TOP_WIDTH
com.facebook.react.devsupport.interfaces.ErrorType: kotlin.enums.EnumEntries $ENTRIES
com.facebook.react.animated.FrameBasedAnimationDriver: long startFrameTimeNanos
androidx.biometric.R$styleable: int AppCompatTextView_fontVariationSettings
androidx.biometric.R$style: int ThemeOverlay_AppCompat_Light
androidx.biometric.R$style: int Widget_AppCompat_Toolbar
com.google.crypto.tink.proto.AesGcmHkdfStreamingKeyFormat: int PARAMS_FIELD_NUMBER
com.google.crypto.tink.proto.KeysetInfo$KeyInfo: int OUTPUT_PREFIX_TYPE_FIELD_NUMBER
com.facebook.react.uimanager.events.EventDispatcherImpl: com.facebook.react.uimanager.events.EventDispatcherImpl$ScheduleDispatchFrameCallback mCurrentFrameCallback
com.facebook.react.uimanager.drawable.CSSBackgroundDrawable: com.facebook.react.uimanager.style.BorderRadiusStyle mBorderRadius
com.facebook.react.uimanager.UIViewOperationQueue$DispatchStringCommandOperation: java.lang.String mCommand
androidx.biometric.R$attr: int logoDescription
com.swmansion.rnscreens.ScreenFooterManager: com.facebook.react.uimanager.ViewManagerDelegate delegate
com.facebook.react.fabric.ComponentFactory: com.facebook.jni.HybridData mHybridData